--------------------------------------------------------------------------------------------------------------------
      name:  <unnamed>
       log:  C:\Users\Denise Laroze Prehn\Dropbox\CESS-Santiago\archive\OxfordProject\Replication material\regressio
> n_rep.log
  log type:  text
 opened on:  22 Feb 2019, 12:03:51

. 
. 
. cd "\Users\Denise Laroze Prehn\Dropbox\CESS-Santiago\archive\OxfordProject\Replication material"
C:\Users\Denise Laroze Prehn\Dropbox\CESS-Santiago\archive\OxfordProject\Replication material

. *************************************
. 
. 
. use "BCCAP_long_Rs.dta", clear

. 
. // data management
. 
. egen mean_saw_growth = mean(saw_growth_), by(id)
(16740 missing values generated)

. egen mean_saw_inflation = mean(saw_inflation_), by(id)
(23298 missing values generated)

. egen mean_saw_unemp = mean(saw_unemp_), by(id)
(15174 missing values generated)

. 
. 
. label var saw_unemp_ "Saw unempl"

. label  var saw_growth_ "Saw growth" 

. label  var age "Age"

. label  var female "Female"

. label  var LR_Self_ "L-R self-placement"

. label  var yearsE "Education (category)"

. 
. label var union_1 "Union member"    

. label var pronat_ "Prosp. Nat. Econ."

. label var retper_ "Prosp. Pers. Econ."

. label var proper_ "Prosp. Pers. Econ."

. 
. 
. ************
. *** Table 2
. ************
. 
. tabulate unemp_was_ wave, col nofreq

           |                          wave
unemp_was_ |         2          3          4          5          6 |     Total
-----------+-------------------------------------------------------+----------
         1 |      0.35       0.39       0.82       0.33       0.31 |      0.41 
         2 |      2.05       3.23      37.85       9.37       6.40 |     10.71 
         3 |      8.15      11.27      15.49      15.23      15.07 |     13.36 
         4 |     41.90      46.79      34.27      60.15      67.49 |     52.62 
         5 |     47.55      38.32      11.56      14.92      10.73 |     22.89 
-----------+-------------------------------------------------------+----------
     Total |    100.00     100.00     100.00     100.00     100.00 |    100.00 


. tabulate growth_was_ wave, col nofreq

growth_was |                          wave
         _ |         2          3          4          5          6 |     Total
-----------+-------------------------------------------------------+----------
         1 |      3.20       0.66       0.96       1.65       1.18 |      1.58 
         2 |      6.10      34.09      40.77      49.23      28.24 |     33.71 
         3 |      6.28      15.10      18.94      13.65      18.21 |     14.41 
         4 |     23.24      25.41      24.24      20.39      35.73 |     25.88 
         5 |     61.19      24.74      15.09      15.07      16.64 |     24.43 
-----------+-------------------------------------------------------+----------
     Total |    100.00     100.00     100.00     100.00     100.00 |    100.00 


. 
. ************
. *** Table 3
. ************
. 
. tabulate retnat_ wave, col nofreq

            |                               wave
    retnat_ |         1          2          3          4          5          6 |     Total
------------+------------------------------------------------------------------+----------
Much Better |      0.20       0.11       0.16       0.63       0.62       0.54 |      0.37 
     Better |      0.75       0.88       6.82      13.53      18.11      15.30 |      8.59 
       Same |      1.98       3.33      16.22      25.09      26.97      34.04 |     16.24 
      Worse |     25.97      29.84      39.11      35.92      31.68      35.11 |     31.23 
 Much Worse |     71.10      65.85      37.70      24.83      22.61      15.01 |     43.56 
------------+------------------------------------------------------------------+----------
      Total |    100.00     100.00     100.00     100.00     100.00     100.00 |    100.00 


. 
. 
. ************
. *** Table 4
. ************
. 
. ologit retnat_ saw_unemp_ saw_growth_ age i.i.yearsE female LR_Self_    if wave==2

Iteration 0:   log likelihood = -1752.0856  
Iteration 1:   log likelihood = -1719.8341  
Iteration 2:   log likelihood = -1719.6625  
Iteration 3:   log likelihood = -1719.6625  

Ordered logistic regression                     Number of obs     =      2,219
                                                LR chi2(8)        =      64.85
                                                Prob > chi2       =     0.0000
Log likelihood = -1719.6625                     Pseudo R2         =     0.0185

-------------------------------------------------------------------------------------
            retnat_ |      Coef.   Std. Err.      z    P>|z|     [95% Conf. Interval]
--------------------+----------------------------------------------------------------
         saw_unemp_ |   .4225226   .1118997     3.78   0.000     .2032033    .6418419
        saw_growth_ |    .422752    .109081     3.88   0.000     .2089573    .6365468
                age |   .0139181   .0035478     3.92   0.000     .0069646    .0208715
                    |
yearsEducation_4cat |
                16  |   .1123309   .1698067     0.66   0.508    -.2204842    .4451459
             17-18  |   .2890015   .1757141     1.64   0.100    -.0553917    .6333947
                19  |   .1680402   .1754183     0.96   0.338    -.1757734    .5118538
                    |
             female |   .0386341   .0916718     0.42   0.673    -.1410393    .2183074
           LR_Self_ |   .0002328   .0001713     1.36   0.174    -.0001028    .0005685
--------------------+----------------------------------------------------------------
              /cut1 |  -5.593425    .754959                     -7.073117   -4.113732
              /cut2 |  -3.185119   .3398603                     -3.851233   -2.519005
              /cut3 |  -1.724906   .2855382                     -2.284551   -1.165262
              /cut4 |   .7945678   .2733897                      .2587339    1.330402
-------------------------------------------------------------------------------------

. 
. est store C2

. 
. ologit retnat_ saw_unemp_ saw_growth_ age i.i.yearsE female LR_Self_    if wave==3

Iteration 0:   log likelihood = -2174.4806  
Iteration 1:   log likelihood = -2131.7972  
Iteration 2:   log likelihood = -2131.6767  
Iteration 3:   log likelihood = -2131.6767  

Ordered logistic regression                     Number of obs     =      1,755
                                                LR chi2(8)        =      85.61
                                                Prob > chi2       =     0.0000
Log likelihood = -2131.6767                     Pseudo R2         =     0.0197

-------------------------------------------------------------------------------------
            retnat_ |      Coef.   Std. Err.      z    P>|z|     [95% Conf. Interval]
--------------------+----------------------------------------------------------------
         saw_unemp_ |   .3962349    .109782     3.61   0.000     .1810661    .6114036
        saw_growth_ |   .0330223   .1032008     0.32   0.749    -.1692475    .2352922
                age |    .008971   .0035784     2.51   0.012     .0019575    .0159845
                    |
yearsEducation_4cat |
                16  |   .0771549   .1663252     0.46   0.643    -.2488364    .4031463
             17-18  |   .2727413   .1680476     1.62   0.105    -.0566259    .6021085
                19  |   .2008749   .1678046     1.20   0.231    -.1280162    .5297659
                    |
             female |   .0491988    .089309     0.55   0.582    -.1258437    .2242413
           LR_Self_ |   .1626457   .0222475     7.31   0.000     .1190415      .20625
--------------------+----------------------------------------------------------------
              /cut1 |  -4.374897   .5725278                     -5.497031   -3.252763
              /cut2 |  -.7948154   .2931456                      -1.36937   -.2202606
              /cut3 |   .5981154   .2868928                      .0358157    1.160415
              /cut4 |   2.273163   .2919817                      1.700889    2.845437
-------------------------------------------------------------------------------------

. 
. est store C3

. 
. ologit retnat_ saw_unemp_ saw_growth_ age i.i.yearsE female LR_Self_    if wave==4

Iteration 0:   log likelihood = -2677.8141  
Iteration 1:   log likelihood = -2588.4978  
Iteration 2:   log likelihood =   -2587.97  
Iteration 3:   log likelihood = -2587.9697  
Iteration 4:   log likelihood = -2587.9697  

Ordered logistic regression                     Number of obs     =      1,950
                                                LR chi2(8)        =     179.69
                                                Prob > chi2       =     0.0000
Log likelihood = -2587.9697                     Pseudo R2         =     0.0336

-------------------------------------------------------------------------------------
            retnat_ |      Coef.   Std. Err.      z    P>|z|     [95% Conf. Interval]
--------------------+----------------------------------------------------------------
         saw_unemp_ |   .2001928   .0920595     2.17   0.030     .0197595    .3806261
        saw_growth_ |   .0966781   .0882438     1.10   0.273    -.0762765    .2696327
                age |   .0171235   .0032661     5.24   0.000      .010722    .0235249
                    |
yearsEducation_4cat |
                16  |   .0485784   .1617036     0.30   0.764    -.2683548    .3655116
             17-18  |   .1944459   .1609112     1.21   0.227    -.1209343     .509826
                19  |   .0532594   .1589858     0.33   0.738    -.2583471    .3648658
                    |
             female |   -.014414   .0831051    -0.17   0.862    -.1772971     .148469
           LR_Self_ |   .2197459   .0208687    10.53   0.000     .1788439    .2606478
--------------------+----------------------------------------------------------------
              /cut1 |  -3.019468   .3818578                     -3.767896   -2.271041
              /cut2 |   .4165447   .2601531                      -.093346    .9264355
              /cut3 |    1.79867   .2612193                       1.28669    2.310651
              /cut4 |   3.409279   .2694447                      2.881178    3.937381
-------------------------------------------------------------------------------------

. 
. est store C4

. 
. ologit retnat_ saw_unemp_ saw_growth_ age i.i.yearsE female LR_Self_    if wave==5

Iteration 0:   log likelihood = -6028.7765  
Iteration 1:   log likelihood =  -5788.754  
Iteration 2:   log likelihood = -5787.1726  
Iteration 3:   log likelihood = -5787.1715  
Iteration 4:   log likelihood = -5787.1715  

Ordered logistic regression                     Number of obs     =      4,294
                                                LR chi2(8)        =     483.21
                                                Prob > chi2       =     0.0000
Log likelihood = -5787.1715                     Pseudo R2         =     0.0401

-------------------------------------------------------------------------------------
            retnat_ |      Coef.   Std. Err.      z    P>|z|     [95% Conf. Interval]
--------------------+----------------------------------------------------------------
         saw_unemp_ |   .1074138   .0609627     1.76   0.078    -.0120709    .2268984
        saw_growth_ |  -.0644941   .0646278    -1.00   0.318    -.1911624    .0621741
                age |   .0183897   .0021209     8.67   0.000     .0142328    .0225467
                    |
yearsEducation_4cat |
                16  |   -.050638   .1055456    -0.48   0.631    -.2575036    .1562275
             17-18  |   .1278181    .104213     1.23   0.220    -.0764355    .3320718
                19  |  -.1874738   .1039063    -1.80   0.071    -.3911264    .0161788
                    |
             female |   .1311525   .0564138     2.32   0.020     .0205835    .2417214
           LR_Self_ |   .2333325    .013701    17.03   0.000      .206479    .2601861
--------------------+----------------------------------------------------------------
              /cut1 |  -2.971305   .2472518                     -3.455909     -2.4867
              /cut2 |   .7194757   .1732785                       .379856    1.059095
              /cut3 |   2.031672   .1751438                      1.688396    2.374947
              /cut4 |   3.518116   .1805559                      3.164233       3.872
-------------------------------------------------------------------------------------

. 
. est store C5

. 
. 
. ologit retnat_ saw_unemp_ saw_growth_ age i.i.yearsE female LR_Self_    if wave==6

Iteration 0:   log likelihood = -4878.2203  
Iteration 1:   log likelihood = -4696.3802  
Iteration 2:   log likelihood = -4695.0199  
Iteration 3:   log likelihood = -4695.0189  
Iteration 4:   log likelihood = -4695.0189  

Ordered logistic regression                     Number of obs     =      3,645
                                                LR chi2(8)        =     366.40
                                                Prob > chi2       =     0.0000
Log likelihood = -4695.0189                     Pseudo R2         =     0.0376

-------------------------------------------------------------------------------------
            retnat_ |      Coef.   Std. Err.      z    P>|z|     [95% Conf. Interval]
--------------------+----------------------------------------------------------------
         saw_unemp_ |   .0728604    .065738     1.11   0.268    -.0559837    .2017045
        saw_growth_ |   .1345077   .0692161     1.94   0.052    -.0011534    .2701687
                age |   .0227068   .0023795     9.54   0.000     .0180432    .0273705
                    |
yearsEducation_4cat |
                16  |   .1101151   .1137028     0.97   0.333    -.1127382    .3329684
             17-18  |   .1451186   .1131903     1.28   0.200    -.0767304    .3669676
                19  |  -.0532821   .1120612    -0.48   0.634    -.2729181    .1663539
                    |
             female |   .2719915   .0617111     4.41   0.000       .15104     .392943
           LR_Self_ |   .1934881   .0154481    12.53   0.000     .1632104    .2237659
--------------------+----------------------------------------------------------------
              /cut1 |  -3.011003    .295906                     -3.590968   -2.431038
              /cut2 |   .7278824   .1866468                      .3620614    1.093703
              /cut3 |   2.469104   .1901216                      2.096473    2.841735
              /cut4 |   4.313285   .1990183                      3.923217    4.703354
-------------------------------------------------------------------------------------

. 
. est store C6

. 
. esttab C* using tables/individ_waves.tex, stats(N ll) se booktabs nonumbers title(Ordered logit model of retrospec
> tive evaluations of the economy  on having watched economic news \label{tbl:waves}) ///
>         label mtitles("Apr 2009" " Sept 2009" "Jan 2010" "Apr 2010" " Jun 2010") replace
(output written to tables/individ_waves.tex)

. estimates clear

. 
. 
. 
. ***********************
. *** Appendix II Tables
. ***********************
. 
. *** Table A.1
. tabulate saw_unemp_ wave, nofreq col

           |                          wave
Saw unempl |         2          3          4          5          6 |     Total
-----------+-------------------------------------------------------+----------
         0 |     22.92      24.60      33.72      38.10      43.51 |     34.79 
         1 |     77.08      75.40      66.28      61.90      56.49 |     65.21 
-----------+-------------------------------------------------------+----------
     Total |    100.00     100.00     100.00     100.00     100.00 |    100.00 


. tabulate saw_growth_ wave, nofreq col

           |                          wave
Saw growth |         2          3          4          5          6 |     Total
-----------+-------------------------------------------------------+----------
         0 |     27.65      36.18      46.31      33.07      38.47 |     36.03 
         1 |     72.35      63.82      53.69      66.93      61.53 |     63.97 
-----------+-------------------------------------------------------+----------
     Total |    100.00     100.00     100.00     100.00     100.00 |    100.00 


. tabulate saw_inflation_ wave, nofreq col

saw_inflat |               wave
      ion_ |         2          3          6 |     Total
-----------+---------------------------------+----------
         0 |     40.63      66.33      60.30 |     56.46 
         1 |     59.37      33.67      39.70 |     43.54 
-----------+---------------------------------+----------
     Total |    100.00     100.00     100.00 |    100.00 


. 
. *** Table A.2
. tabulate retnat_ wave if  (saw_growth==1 | saw_unemp_==1),  col nofreq 

            |                          wave
    retnat_ |         2          3          4          5          6 |     Total
------------+-------------------------------------------------------+----------
Much Better |      0.13       0.20       0.70       0.66       0.52 |      0.48 
     Better |      0.78       6.64      13.64      19.14      15.38 |     12.69 
       Same |      2.70      15.79      24.03      25.98      32.05 |     21.97 
      Worse |     28.47      37.68      35.76      30.57      36.19 |     33.35 
 Much Worse |     67.92      39.70      25.87      23.66      15.87 |     31.50 
------------+-------------------------------------------------------+----------
      Total |    100.00     100.00     100.00     100.00     100.00 |    100.00 


. 
. *** Table A.3
. tabulate retnat_ wave if  (saw_growth==0 | saw_unemp_==0),  col nofreq 

            |                          wave
    retnat_ |         2          3          4          5          6 |     Total
------------+-------------------------------------------------------+----------
Much Better |      0.11       0.20       0.43       0.45       0.44 |      0.38 
     Better |      1.42       6.17      12.91      17.56      15.09 |     13.00 
       Same |      5.34      19.21      27.60      28.15      36.60 |     27.06 
      Worse |     34.53      40.34      37.30      33.05      34.06 |     35.05 
 Much Worse |     58.61      34.07      21.75      20.79      13.82 |     24.50 
------------+-------------------------------------------------------+----------
      Total |    100.00     100.00     100.00     100.00     100.00 |    100.00 


. 
. 
. ***********************
. *** Appendix III Tables
. ***********************
.         
. *** Table A.4
. 
. 
. ologit retnat_ saw_unemp_ saw_growth_ age i.i.yearsE female LR_Self_    if wave==2 &  (mean_saw_growth==1 | mean_s
> aw_growth==0)

Iteration 0:   log likelihood = -1028.9899  
Iteration 1:   log likelihood = -997.91162  
Iteration 2:   log likelihood = -997.62525  
Iteration 3:   log likelihood =  -997.6252  

Ordered logistic regression                     Number of obs     =      1,297
                                                LR chi2(8)        =      62.73
                                                Prob > chi2       =     0.0000
Log likelihood =  -997.6252                     Pseudo R2         =     0.0305

-------------------------------------------------------------------------------------
            retnat_ |      Coef.   Std. Err.      z    P>|z|     [95% Conf. Interval]
--------------------+----------------------------------------------------------------
         saw_unemp_ |   .3730446   .1657529     2.25   0.024     .0481748    .6979144
        saw_growth_ |   .7248896   .1596071     4.54   0.000     .4120654    1.037714
                age |   .0092452   .0047101     1.96   0.050     .0000136    .0184768
                    |
yearsEducation_4cat |
                16  |   .1358587   .2302359     0.59   0.555    -.3153953    .5871128
             17-18  |   .1996388   .2398551     0.83   0.405    -.2704685    .6697462
                19  |  -.0324838   .2386874    -0.14   0.892    -.5003025    .4353349
                    |
             female |  -.1626184   .1221746    -1.33   0.183    -.4020763    .0768394
           LR_Self_ |   .0002073   .0002165     0.96   0.338    -.0002171    .0006316
--------------------+----------------------------------------------------------------
              /cut1 |  -6.043192   1.060016                     -8.120786   -3.965599
              /cut2 |  -3.324074   .4363151                     -4.179236   -2.468912
              /cut3 |  -1.962934   .3773261                     -2.702479   -1.223388
              /cut4 |   .5202489   .3621912                     -.1896328    1.230131
-------------------------------------------------------------------------------------

. 
. est store cc2

. 
. ologit retnat_ saw_unemp_ saw_growth_ age i.i.yearsE female LR_Self_    if wave==3 &  (mean_saw_growth==1 | mean_s
> aw_growth==0)

Iteration 0:   log likelihood = -1182.6497  
Iteration 1:   log likelihood = -1154.2231  
Iteration 2:   log likelihood =  -1154.125  
Iteration 3:   log likelihood = -1154.1249  

Ordered logistic regression                     Number of obs     =        960
                                                LR chi2(8)        =      57.05
                                                Prob > chi2       =     0.0000
Log likelihood = -1154.1249                     Pseudo R2         =     0.0241

-------------------------------------------------------------------------------------
            retnat_ |      Coef.   Std. Err.      z    P>|z|     [95% Conf. Interval]
--------------------+----------------------------------------------------------------
         saw_unemp_ |   .4870049   .1668839     2.92   0.004     .1599185    .8140912
        saw_growth_ |   .0803496   .1709937     0.47   0.638    -.2547918     .415491
                age |   .0048831   .0048272     1.01   0.312     -.004578    .0143442
                    |
yearsEducation_4cat |
                16  |  -.2642378   .2407165    -1.10   0.272    -.7360335     .207558
             17-18  |  -.0761065   .2425995    -0.31   0.754    -.5515928    .3993798
                19  |  -.1171084   .2432008    -0.48   0.630    -.5937732    .3595565
                    |
             female |  -.1538991   .1224345    -1.26   0.209    -.3938663    .0860682
           LR_Self_ |   .1741241   .0303194     5.74   0.000     .1146992     .233549
--------------------+----------------------------------------------------------------
              /cut1 |  -4.907475    .802879                     -6.481089   -3.333862
              /cut2 |   -1.27084   .3987267                      -2.05233     -.48935
              /cut3 |   .1448558   .3887512                     -.6170825    .9067941
              /cut4 |   1.767787   .3936572                      .9962334    2.539341
-------------------------------------------------------------------------------------

. 
. est store cc3

. 
. ologit retnat_ saw_unemp_ saw_growth_ age i.i.yearsE female LR_Self_    if wave==4 &  (mean_saw_growth==1 | mean_s
> aw_growth==0)

Iteration 0:   log likelihood = -1442.8296  
Iteration 1:   log likelihood = -1399.2067  
Iteration 2:   log likelihood = -1398.9669  
Iteration 3:   log likelihood = -1398.9668  

Ordered logistic regression                     Number of obs     =      1,048
                                                LR chi2(8)        =      87.73
                                                Prob > chi2       =     0.0000
Log likelihood = -1398.9668                     Pseudo R2         =     0.0304

-------------------------------------------------------------------------------------
            retnat_ |      Coef.   Std. Err.      z    P>|z|     [95% Conf. Interval]
--------------------+----------------------------------------------------------------
         saw_unemp_ |   .1746676   .1402465     1.25   0.213    -.1002106    .4495457
        saw_growth_ |   .0985149   .1480239     0.67   0.506    -.1916066    .3886364
                age |   .0122646   .0045493     2.70   0.007     .0033483     .021181
                    |
yearsEducation_4cat |
                16  |   -.297212   .2279493    -1.30   0.192    -.7439844    .1495604
             17-18  |    -.12677    .228998    -0.55   0.580    -.5755979    .3220579
                19  |  -.1992469   .2264915    -0.88   0.379     -.643162    .2446683
                    |
             female |  -.0561826   .1136324    -0.49   0.621     -.278898    .1665329
           LR_Self_ |    .216931   .0281556     7.70   0.000      .161747     .272115
--------------------+----------------------------------------------------------------
              /cut1 |  -3.431766   .5168974                     -4.444866   -2.418665
              /cut2 |  -.0665303   .3650969                     -.7821071    .6490465
              /cut3 |    1.31235   .3655411                      .5959023    2.028797
              /cut4 |   2.906126   .3745188                      2.172083     3.64017
-------------------------------------------------------------------------------------

. 
. est store cc4

. 
. ologit retnat_ saw_unemp_ saw_growth_ age i.i.yearsE female LR_Self_    if wave==5 &  (mean_saw_growth==1 | mean_s
> aw_growth==0)

Iteration 0:   log likelihood = -4152.8085  
Iteration 1:   log likelihood = -3983.1791  
Iteration 2:   log likelihood = -3982.0723  
Iteration 3:   log likelihood = -3982.0715  
Iteration 4:   log likelihood = -3982.0715  

Ordered logistic regression                     Number of obs     =      2,950
                                                LR chi2(8)        =     341.47
                                                Prob > chi2       =     0.0000
Log likelihood = -3982.0715                     Pseudo R2         =     0.0411

-------------------------------------------------------------------------------------
            retnat_ |      Coef.   Std. Err.      z    P>|z|     [95% Conf. Interval]
--------------------+----------------------------------------------------------------
         saw_unemp_ |   .0965148    .077751     1.24   0.214    -.0558743     .248904
        saw_growth_ |  -.0726668   .0874684    -0.83   0.406    -.2441017    .0987682
                age |   .0174406   .0025628     6.81   0.000     .0124175    .0224636
                    |
yearsEducation_4cat |
                16  |  -.2126625   .1316495    -1.62   0.106    -.4706906    .0453657
             17-18  |   .0130591   .1294687     0.10   0.920    -.2406948    .2668131
                19  |  -.3073491   .1288519    -2.39   0.017    -.5598942   -.0548039
                    |
             female |   .0658996   .0684467     0.96   0.336    -.0682535    .2000527
           LR_Self_ |   .2355862   .0164503    14.32   0.000     .2033441    .2678282
--------------------+----------------------------------------------------------------
              /cut1 |  -3.097267   .2951977                     -3.675844    -2.51869
              /cut2 |   .5304407   .2114456                      .1160148    .9448665
              /cut3 |   1.824528   .2131072                      1.406845     2.24221
              /cut4 |   3.272293   .2190463                       2.84297    3.701616
-------------------------------------------------------------------------------------

. 
. est store cc5

. 
. 
. ologit retnat_ saw_unemp_ saw_growth_ age i.i.yearsE female LR_Self_    if wave==6 &  (mean_saw_growth==1 | mean_s
> aw_growth==0)

Iteration 0:   log likelihood = -3187.9596  
Iteration 1:   log likelihood = -3085.0189  
Iteration 2:   log likelihood = -3084.3509  
Iteration 3:   log likelihood = -3084.3506  
Iteration 4:   log likelihood = -3084.3506  

Ordered logistic regression                     Number of obs     =      2,369
                                                LR chi2(8)        =     207.22
                                                Prob > chi2       =     0.0000
Log likelihood = -3084.3506                     Pseudo R2         =     0.0325

-------------------------------------------------------------------------------------
            retnat_ |      Coef.   Std. Err.      z    P>|z|     [95% Conf. Interval]
--------------------+----------------------------------------------------------------
         saw_unemp_ |   .0809733   .0869695     0.93   0.352    -.0894838    .2514304
        saw_growth_ |   .0927968   .1008437     0.92   0.357    -.1048533    .2904469
                age |   .0189124   .0029217     6.47   0.000     .0131859    .0246388
                    |
yearsEducation_4cat |
                16  |  -.0637357   .1460562    -0.44   0.663    -.3500006    .2225291
             17-18  |  -.0512275   .1443572    -0.35   0.723    -.3341623    .2317074
                19  |  -.2585604   .1423927    -1.82   0.069    -.5376448    .0205241
                    |
             female |   .2072455   .0768915     2.70   0.007     .0565408    .3579501
           LR_Self_ |   .1854669   .0188823     9.82   0.000     .1484583    .2224754
--------------------+----------------------------------------------------------------
              /cut1 |  -3.401873   .3666066                     -4.120408   -2.683337
              /cut2 |   .2922315   .2350649                     -.1684873    .7529503
              /cut3 |   1.972526   .2377472                      1.506551    2.438502
              /cut4 |    3.76545   .2467438                      3.281841    4.249059
-------------------------------------------------------------------------------------

. 
. est store cc6

. 
. esttab cc* using tables/individ_waves_con_growth.tex, stats(N ll) se booktabs nonumbers title(Ordered logit model 
> of retrospective evaluations of the economy  on having watched economic news by people people who were consistent 
> growth news watchers/non-watchers \label{tbl:wavesConGrowth}) ///
>         label mtitles("Apr 2009" " Sept 2009" "Jan 2010" "Apr 2010" " Jun 2010") replace
(output written to tables/individ_waves_con_growth.tex)

. 
. estimates clear

. 
. 
. 
. *** Table A.5
. 
. ologit retnat_ saw_unemp_ saw_growth_ age i.i.yearsE female LR_Self_    if wave==2 &  (mean_saw_unemp==1 |mean_saw
> _unemp==0)

Iteration 0:   log likelihood = -948.15245  
Iteration 1:   log likelihood = -923.66538  
Iteration 2:   log likelihood =  -923.4113  
Iteration 3:   log likelihood = -923.41126  

Ordered logistic regression                     Number of obs     =      1,227
                                                LR chi2(8)        =      49.48
                                                Prob > chi2       =     0.0000
Log likelihood = -923.41126                     Pseudo R2         =     0.0261

-------------------------------------------------------------------------------------
            retnat_ |      Coef.   Std. Err.      z    P>|z|     [95% Conf. Interval]
--------------------+----------------------------------------------------------------
         saw_unemp_ |   .6340218   .1742484     3.64   0.000     .2925011    .9755424
        saw_growth_ |   .4629642   .1669734     2.77   0.006     .1357023    .7902261
                age |   .0097815   .0047609     2.05   0.040     .0004502    .0191127
                    |
yearsEducation_4cat |
                16  |  -.1393753   .2403139    -0.58   0.562    -.6103818    .3316313
             17-18  |    .000742   .2503614     0.00   0.998    -.4899573    .4914414
                19  |   .0241502   .2499034     0.10   0.923    -.4656514    .5139518
                    |
             female |   .0679039   .1258531     0.54   0.590    -.1787636    .3145714
           LR_Self_ |   .0005358   .0002475     2.16   0.030     .0000507     .001021
--------------------+----------------------------------------------------------------
              /cut1 |  -5.838889   1.061046                     -7.918501   -3.759278
              /cut2 |  -3.635055    .486795                     -4.589155   -2.680954
              /cut3 |  -1.896654   .3834344                     -2.648172   -1.145137
              /cut4 |   .6138578   .3662355                     -.1039506    1.331666
-------------------------------------------------------------------------------------

. 
. est store cc2

. 
. ologit retnat_ saw_unemp_ saw_growth_ age i.i.yearsE female LR_Self_   if wave==3 &  (mean_saw_unemp==1 |mean_saw_
> unemp==0)

Iteration 0:   log likelihood =  -1150.147  
Iteration 1:   log likelihood = -1130.5053  
Iteration 2:   log likelihood = -1130.4549  
Iteration 3:   log likelihood = -1130.4549  

Ordered logistic regression                     Number of obs     =        936
                                                LR chi2(8)        =      39.38
                                                Prob > chi2       =     0.0000
Log likelihood = -1130.4549                     Pseudo R2         =     0.0171

-------------------------------------------------------------------------------------
            retnat_ |      Coef.   Std. Err.      z    P>|z|     [95% Conf. Interval]
--------------------+----------------------------------------------------------------
         saw_unemp_ |   .4593886   .1908545     2.41   0.016     .0853207    .8334565
        saw_growth_ |  -.0531491   .1637415    -0.32   0.745    -.3740767    .2677784
                age |   .0102132   .0048535     2.10   0.035     .0007005    .0197259
                    |
yearsEducation_4cat |
                16  |   .0315027   .2390553     0.13   0.895    -.4370371    .5000425
             17-18  |   .2754784   .2416886     1.14   0.254    -.1982226    .7491793
                19  |     .30009   .2404202     1.25   0.212    -.1711249     .771305
                    |
             female |  -.1163167   .1221529    -0.95   0.341    -.3557321    .1230986
           LR_Self_ |   .1382582   .0298227     4.64   0.000     .0798068    .1967095
--------------------+----------------------------------------------------------------
              /cut1 |  -4.510142    .806669                     -6.091184     -2.9291
              /cut2 |  -.9076337   .4072064                     -1.705743   -.1095239
              /cut3 |   .4791799    .397695                      -.300288    1.258648
              /cut4 |   2.086685   .4038569                       1.29514     2.87823
-------------------------------------------------------------------------------------

. 
. est store cc3

. 
. ologit retnat_ saw_unemp_ saw_growth_ age i.i.yearsE female LR_Self_   if wave==4 &  (mean_saw_unemp==1 |mean_saw_
> unemp==0)

Iteration 0:   log likelihood = -1373.4306  
Iteration 1:   log likelihood = -1332.9519  
Iteration 2:   log likelihood =  -1332.745  
Iteration 3:   log likelihood = -1332.7449  

Ordered logistic regression                     Number of obs     =      1,005
                                                LR chi2(8)        =      81.37
                                                Prob > chi2       =     0.0000
Log likelihood = -1332.7449                     Pseudo R2         =     0.0296

-------------------------------------------------------------------------------------
            retnat_ |      Coef.   Std. Err.      z    P>|z|     [95% Conf. Interval]
--------------------+----------------------------------------------------------------
         saw_unemp_ |   .4089173   .1645761     2.48   0.013     .0863541    .7314805
        saw_growth_ |   .0620381   .1384041     0.45   0.654    -.2092289    .3333051
                age |   .0139547   .0045254     3.08   0.002     .0050851    .0228242
                    |
yearsEducation_4cat |
                16  |   .1758722    .232003     0.76   0.448    -.2788453    .6305898
             17-18  |   .0174588   .2324148     0.08   0.940    -.4380658    .4729834
                19  |  -.0924894   .2273178    -0.41   0.684     -.538024    .3530452
                    |
             female |  -.1056159   .1156519    -0.91   0.361    -.3322893    .1210576
           LR_Self_ |   .1854816   .0281214     6.60   0.000     .1303647    .2405984
--------------------+----------------------------------------------------------------
              /cut1 |  -3.478406    .569525                     -4.594654   -2.362158
              /cut2 |   .1166405   .3668943                     -.6024591    .8357401
              /cut3 |   1.513927   .3673757                      .7938841    2.233971
              /cut4 |   3.096529   .3769243                      2.357771    3.835288
-------------------------------------------------------------------------------------

. 
. est store cc4

. 
. ologit retnat_ saw_unemp_ saw_growth_ age i.i.yearsE female LR_Self_   if wave==5 &  (mean_saw_unemp==1 |mean_saw_
> unemp==0)

Iteration 0:   log likelihood = -3890.9023  
Iteration 1:   log likelihood = -3742.0742  
Iteration 2:   log likelihood =  -3741.182  
Iteration 3:   log likelihood = -3741.1814  
Iteration 4:   log likelihood = -3741.1814  

Ordered logistic regression                     Number of obs     =      2,773
                                                LR chi2(8)        =     299.44
                                                Prob > chi2       =     0.0000
Log likelihood = -3741.1814                     Pseudo R2         =     0.0385

-------------------------------------------------------------------------------------
            retnat_ |      Coef.   Std. Err.      z    P>|z|     [95% Conf. Interval]
--------------------+----------------------------------------------------------------
         saw_unemp_ |   .0344115   .0845062     0.41   0.684    -.1312177    .2000406
        saw_growth_ |  -.0010593   .0870629    -0.01   0.990    -.1716995    .1695809
                age |   .0160079   .0025994     6.16   0.000     .0109132    .0211026
                    |
yearsEducation_4cat |
                16  |  -.1903031   .1344375    -1.42   0.157    -.4537958    .0731896
             17-18  |   .0610415   .1326914     0.46   0.645    -.1990288    .3211119
                19  |  -.2851238   .1320204    -2.16   0.031    -.5438791   -.0263685
                    |
             female |    .069509   .0703446     0.99   0.323    -.0683639    .2073819
           LR_Self_ |   .2281516   .0168192    13.56   0.000     .1951867    .2611165
--------------------+----------------------------------------------------------------
              /cut1 |  -3.286659   .3157979                     -3.905611   -2.667706
              /cut2 |   .4502024   .2176682                      .0235807    .8768242
              /cut3 |   1.737561    .219113                      1.308107    2.167014
              /cut4 |   3.184511   .2249115                      2.743693    3.625329
-------------------------------------------------------------------------------------

. 
. est store cc5

. 
. 
. ologit retnat_ saw_unemp_ saw_growth_ age i.i.yearsE female LR_Self_     if wave==6 &  (mean_saw_growth==1 | mean_
> saw_growth==0)

Iteration 0:   log likelihood = -3187.9596  
Iteration 1:   log likelihood = -3085.0189  
Iteration 2:   log likelihood = -3084.3509  
Iteration 3:   log likelihood = -3084.3506  
Iteration 4:   log likelihood = -3084.3506  

Ordered logistic regression                     Number of obs     =      2,369
                                                LR chi2(8)        =     207.22
                                                Prob > chi2       =     0.0000
Log likelihood = -3084.3506                     Pseudo R2         =     0.0325

-------------------------------------------------------------------------------------
            retnat_ |      Coef.   Std. Err.      z    P>|z|     [95% Conf. Interval]
--------------------+----------------------------------------------------------------
         saw_unemp_ |   .0809733   .0869695     0.93   0.352    -.0894838    .2514304
        saw_growth_ |   .0927968   .1008437     0.92   0.357    -.1048533    .2904469
                age |   .0189124   .0029217     6.47   0.000     .0131859    .0246388
                    |
yearsEducation_4cat |
                16  |  -.0637357   .1460562    -0.44   0.663    -.3500006    .2225291
             17-18  |  -.0512275   .1443572    -0.35   0.723    -.3341623    .2317074
                19  |  -.2585604   .1423927    -1.82   0.069    -.5376448    .0205241
                    |
             female |   .2072455   .0768915     2.70   0.007     .0565408    .3579501
           LR_Self_ |   .1854669   .0188823     9.82   0.000     .1484583    .2224754
--------------------+----------------------------------------------------------------
              /cut1 |  -3.401873   .3666066                     -4.120408   -2.683337
              /cut2 |   .2922315   .2350649                     -.1684873    .7529503
              /cut3 |   1.972526   .2377472                      1.506551    2.438502
              /cut4 |    3.76545   .2467438                      3.281841    4.249059
-------------------------------------------------------------------------------------

. 
. est store cc6

. 
. esttab cc* using tables/individ_waves_con_unemp.tex, stats(N ll) se booktabs nonumbers title(Ordered logit model o
> f retrospective evaluations of the economy  on having watched economic news by people people who were consistent u
> nemployment news watchers/non-watchers \label{tbl:wavesConUnemp}) ///
>         label mtitles("Apr 2009" " Sept 2009" "Jan 2010" "Apr 2010" " Jun 2010") replace
(output written to tables/individ_waves_con_unemp.tex)

. 
.         
. estimates clear 

.         
. 
. *** Table A.6
. 
. ologit retnat_ saw_unemp_ saw_growth_ age i.i.yearsE female LR_Self_  union_1 i.pronat_ i.retper_ i.proper_   if w
> ave==2

Iteration 0:   log likelihood = -1692.7142  
Iteration 1:   log likelihood = -1520.7889  
Iteration 2:   log likelihood = -1509.6969  
Iteration 3:   log likelihood = -1509.5324  
Iteration 4:   log likelihood = -1509.5321  
Iteration 5:   log likelihood = -1509.5321  

Ordered logistic regression                     Number of obs     =      2,149
                                                LR chi2(21)       =     366.36
                                                Prob > chi2       =     0.0000
Log likelihood = -1509.5321                     Pseudo R2         =     0.1082

-------------------------------------------------------------------------------------
            retnat_ |      Coef.   Std. Err.      z    P>|z|     [95% Conf. Interval]
--------------------+----------------------------------------------------------------
         saw_unemp_ |   .4069039   .1203469     3.38   0.001     .1710284    .6427795
        saw_growth_ |   .4572969   .1178356     3.88   0.000     .2263434    .6882504
                age |   .0095736   .0038662     2.48   0.013      .001996    .0171513
                    |
yearsEducation_4cat |
                16  |   .0713065   .1844748     0.39   0.699    -.2902576    .4328705
             17-18  |   .2708842   .1896246     1.43   0.153    -.1007731    .6425415
                19  |   .3113174   .1900617     1.64   0.101    -.0611966    .6838315
                    |
             female |   .0188232   .0991145     0.19   0.849    -.1754376    .2130841
           LR_Self_ |   .0002136   .0001896     1.13   0.260    -.0001579    .0005851
            union_1 |  -.1359225   .1145554    -1.19   0.235     -.360447     .088602
                    |
            pronat_ |
            Better  |    1.96139    .669809     2.93   0.003     .6485886    3.274191
              Same  |    2.36915   .6686361     3.54   0.000     1.058647    3.679652
             Worse  |   2.975323   .6699069     4.44   0.000      1.66233    4.288317
        Much Worse  |   4.289759   .7109706     6.03   0.000     2.896283    5.683236
                    |
            retper_ |
            Better  |  -1.093933   .5307706    -2.06   0.039    -2.134224   -.0536415
              Same  |  -1.015422   .5200933    -1.95   0.051    -2.034786    .0039425
             Worse  |  -.6856512   .5229046    -1.31   0.190    -1.710525     .339223
        Much Worse  |   .1046507   .5534499     0.19   0.850    -.9800911    1.189392
                    |
            proper_ |
            Better  |   .2032223   .5537439     0.37   0.714    -.8820957     1.28854
              Same  |   .3229188   .5478345     0.59   0.556    -.7508171    1.396655
             Worse  |   .7528658   .5589176     1.35   0.178    -.3425926    1.848324
        Much Worse  |   .2977722   .6051565     0.49   0.623    -.8883127    1.483857
--------------------+----------------------------------------------------------------
              /cut1 |  -3.691965    1.14887                     -5.943708   -1.440221
              /cut2 |  -1.290753   .9459163                     -3.144715    .5632086
              /cut3 |   .2414859   .9398026                     -1.600493    2.083465
              /cut4 |   2.962621   .9441159                      1.112188    4.813054
-------------------------------------------------------------------------------------

. 
. est store C2

. 
. ologit retnat_ saw_unemp_ saw_growth_ age i.i.yearsE female LR_Self_   union_1 i.pronat_ i.retper_ i.proper_  if w
> ave==3

Iteration 0:   log likelihood =  -2115.296  
Iteration 1:   log likelihood = -1839.3123  
Iteration 2:   log likelihood = -1830.7135  
Iteration 3:   log likelihood = -1830.6778  
Iteration 4:   log likelihood = -1830.6778  

Ordered logistic regression                     Number of obs     =      1,707
                                                LR chi2(21)       =     569.24
                                                Prob > chi2       =     0.0000
Log likelihood = -1830.6778                     Pseudo R2         =     0.1346

-------------------------------------------------------------------------------------
            retnat_ |      Coef.   Std. Err.      z    P>|z|     [95% Conf. Interval]
--------------------+----------------------------------------------------------------
         saw_unemp_ |   .2733573   .1166053     2.34   0.019     .0448151    .5018994
        saw_growth_ |   .1919362   .1098947     1.75   0.081    -.0234535     .407326
                age |  -.0014332   .0039234    -0.37   0.715    -.0091228    .0062565
                    |
yearsEducation_4cat |
                16  |   -.011761   .1775578    -0.07   0.947    -.3597679     .336246
             17-18  |     .10621   .1790882     0.59   0.553    -.2447965    .4572165
                19  |    .227885   .1797339     1.27   0.205     -.124387    .5801571
                    |
             female |  -.0483325   .0955134    -0.51   0.613    -.2355353    .1388703
           LR_Self_ |   .1094141   .0241182     4.54   0.000     .0621433    .1566848
            union_1 |   .0078315   .1108425     0.07   0.944    -.2094159    .2250789
                    |
            pronat_ |
            Better  |   2.146445   .5487787     3.91   0.000     1.070858    3.222031
              Same  |   3.187513   .5544885     5.75   0.000     2.100736    4.274291
             Worse  |    4.12344   .5640156     7.31   0.000      3.01799    5.228891
        Much Worse  |   5.398458   .6343761     8.51   0.000     4.155104    6.641812
                    |
            retper_ |
            Better  |  -.8017687    .557985    -1.44   0.151    -1.895399    .2918618
              Same  |  -.5062402   .5388817    -0.94   0.348    -1.562429    .5499486
             Worse  |    .070877    .540874     0.13   0.896    -.9892166    1.130971
        Much Worse  |    .344446   .5634409     0.61   0.541    -.7598779     1.44877
                    |
            proper_ |
            Better  |   .2854295   .5763144     0.50   0.620    -.8441261    1.414985
              Same  |   .2588645   .5735092     0.45   0.652    -.8651929    1.382922
             Worse  |   .3377988   .5836706     0.58   0.563    -.8061746    1.481772
        Much Worse  |   .5730359   .6245878     0.92   0.359    -.6511336    1.797205
--------------------+----------------------------------------------------------------
              /cut1 |  -2.551108   .9516994                     -4.416404   -.6858111
              /cut2 |   1.187072   .8398132                      -.458932    2.833075
              /cut3 |   2.806233   .8429117                      1.154156    4.458309
              /cut4 |   4.836799   .8471141                      3.176486    6.497112
-------------------------------------------------------------------------------------

. 
. est store C3

. 
. ologit retnat_ saw_unemp_ saw_growth_ age i.i.yearsE female LR_Self_   union_1 i.pronat_ i.retper_ i.proper_  if w
> ave==4

Iteration 0:   log likelihood = -2585.0368  
Iteration 1:   log likelihood = -2132.9761  
Iteration 2:   log likelihood = -2105.3527  
Iteration 3:   log likelihood = -2105.1637  
Iteration 4:   log likelihood =  -2105.163  
Iteration 5:   log likelihood =  -2105.163  

Ordered logistic regression                     Number of obs     =      1,882
                                                LR chi2(21)       =     959.75
                                                Prob > chi2       =     0.0000
Log likelihood =  -2105.163                     Pseudo R2         =     0.1856

-------------------------------------------------------------------------------------
            retnat_ |      Coef.   Std. Err.      z    P>|z|     [95% Conf. Interval]
--------------------+----------------------------------------------------------------
         saw_unemp_ |   .1092508   .0990398     1.10   0.270    -.0848638    .3033653
        saw_growth_ |   .1067599   .0948582     1.13   0.260    -.0791588    .2926787
                age |   .0063875   .0035963     1.78   0.076    -.0006611     .013436
                    |
yearsEducation_4cat |
                16  |  -.0818563   .1707857    -0.48   0.632    -.4165902    .2528776
             17-18  |   .1959315   .1708197     1.15   0.251     -.138869     .530732
                19  |   .1491062   .1693266     0.88   0.379    -.1827679    .4809802
                    |
             female |  -.1584028   .0893657    -1.77   0.076    -.3335564    .0167508
           LR_Self_ |     .16364   .0225712     7.25   0.000     .1194012    .2078788
            union_1 |  -.2134435   .1031647    -2.07   0.039    -.4156427   -.0112443
                    |
            pronat_ |
            Better  |   2.820027   .4638097     6.08   0.000     1.910976    3.729077
              Same  |   4.107302   .4703907     8.73   0.000     3.185354    5.029251
             Worse  |    5.22375   .4800537    10.88   0.000     4.282862    6.164638
        Much Worse  |   6.775619   .5555149    12.20   0.000      5.68683    7.864408
                    |
            retper_ |
            Better  |   .5435339   .5396108     1.01   0.314    -.5140837    1.601152
              Same  |   .5016687   .5251365     0.96   0.339    -.5275799    1.530917
             Worse  |   1.210107   .5305129     2.28   0.023     .1703208    2.249893
        Much Worse  |   1.845763    .553961     3.33   0.001     .7600194    2.931507
                    |
            proper_ |
            Better  |  -.2028997   .5324056    -0.38   0.703    -1.246396    .8405962
              Same  |     .19245    .526843     0.37   0.715    -.8401433    1.225043
             Worse  |   .0444258   .5368432     0.08   0.934    -1.007767    1.096619
        Much Worse  |   .3039489   .5810222     0.52   0.601    -.8348336    1.442731
--------------------+----------------------------------------------------------------
              /cut1 |  -.1406373   .7454309                     -1.601655     1.32038
              /cut2 |   3.897981   .7759773                      2.377093    5.418868
              /cut3 |   5.703563   .7804629                      4.173883    7.233242
              /cut4 |   7.850963   .7854493                      6.311511    9.390416
-------------------------------------------------------------------------------------

. 
. est store C4

. 
. ologit retnat_ saw_unemp_ saw_growth_ age i.i.yearsE female LR_Self_   union_1 i.pronat_ i.retper_ i.proper_  if w
> ave==5

Iteration 0:   log likelihood = -5704.6774  
Iteration 1:   log likelihood = -4798.9172  
Iteration 2:   log likelihood = -4764.6407  
Iteration 3:   log likelihood = -4764.5757  
Iteration 4:   log likelihood = -4764.5756  

Ordered logistic regression                     Number of obs     =      4,066
                                                LR chi2(21)       =    1880.20
                                                Prob > chi2       =     0.0000
Log likelihood = -4764.5756                     Pseudo R2         =     0.1648

-------------------------------------------------------------------------------------
            retnat_ |      Coef.   Std. Err.      z    P>|z|     [95% Conf. Interval]
--------------------+----------------------------------------------------------------
         saw_unemp_ |   .0127839   .0656118     0.19   0.846    -.1158128    .1413807
        saw_growth_ |  -.0914947   .0697806    -1.31   0.190    -.2282621    .0452728
                age |   .0101523   .0023262     4.36   0.000      .005593    .0147116
                    |
yearsEducation_4cat |
                16  |  -.1712851   .1127757    -1.52   0.129    -.3923214    .0497513
             17-18  |   .0109612   .1115112     0.10   0.922    -.2075968    .2295192
                19  |  -.1769474   .1112265    -1.59   0.112    -.3949474    .0410526
                    |
             female |   .0253661   .0606201     0.42   0.676    -.0934471    .1441793
           LR_Self_ |    .163696   .0149543    10.95   0.000     .1343862    .1930058
            union_1 |  -.0126259   .0707537    -0.18   0.858    -.1513006    .1260487
                    |
            pronat_ |
            Better  |   2.715933   .3978097     6.83   0.000     1.936241    3.495626
              Same  |   3.828881   .4021313     9.52   0.000     3.040718    4.617043
             Worse  |   4.819039   .4068816    11.84   0.000     4.021566    5.616513
        Much Worse  |   5.796386   .4306593    13.46   0.000     4.952309    6.640462
                    |
            retper_ |
            Better  |   .8157468   .4064006     2.01   0.045     .0192163    1.612277
              Same  |    .935863     .40258     2.32   0.020     .1468207    1.724905
             Worse  |   1.608298   .4044667     3.98   0.000      .815558    2.401038
        Much Worse  |   2.351623   .4156203     5.66   0.000     1.537022    3.166224
                    |
            proper_ |
            Better  |   .1868218   .3365672     0.56   0.579    -.4728379    .8464815
              Same  |    .264105   .3329247     0.79   0.428    -.3884154    .9166254
             Worse  |   .3292239    .338464     0.97   0.331    -.3341534    .9926012
        Much Worse  |   .5053597   .3611587     1.40   0.162    -.2024983    1.213218
--------------------+----------------------------------------------------------------
              /cut1 |   .4846399   .5421915                     -.5780359    1.547316
              /cut2 |   4.731552   .5747191                      3.605123    5.857981
              /cut3 |   6.398887   .5772694                       5.26746    7.530314
              /cut4 |   8.280812   .5799932                      7.144046    9.417578
-------------------------------------------------------------------------------------

. 
. est store C5

. 
. 
. ologit retnat_ saw_unemp_ saw_growth_ age i.i.yearsE female LR_Self_  union_1  if wave==6

Iteration 0:   log likelihood = -4860.1437  
Iteration 1:   log likelihood = -4678.5474  
Iteration 2:   log likelihood = -4677.1794  
Iteration 3:   log likelihood = -4677.1784  
Iteration 4:   log likelihood = -4677.1784  

Ordered logistic regression                     Number of obs     =      3,631
                                                LR chi2(9)        =     365.93
                                                Prob > chi2       =     0.0000
Log likelihood = -4677.1784                     Pseudo R2         =     0.0376

-------------------------------------------------------------------------------------
            retnat_ |      Coef.   Std. Err.      z    P>|z|     [95% Conf. Interval]
--------------------+----------------------------------------------------------------
         saw_unemp_ |   .0734415   .0659406     1.11   0.265    -.0557997    .2026827
        saw_growth_ |   .1399665   .0694395     2.02   0.044     .0038677    .2760654
                age |   .0226302   .0023904     9.47   0.000     .0179451    .0273154
                    |
yearsEducation_4cat |
                16  |   .1195345    .113814     1.05   0.294    -.1035369    .3426059
             17-18  |   .1536555   .1132824     1.36   0.175    -.0683739    .3756849
                19  |  -.0476121   .1122029    -0.42   0.671    -.2675258    .1723016
                    |
             female |   .2699905   .0618457     4.37   0.000     .1487753    .3912058
           LR_Self_ |   .1889748   .0156351    12.09   0.000     .1583305    .2196191
            union_1 |  -.1219975   .0738259    -1.65   0.098    -.2666937    .0226987
--------------------+----------------------------------------------------------------
              /cut1 |  -3.051698   .2974856                     -3.634759   -2.468637
              /cut2 |   .6800213   .1890696                      .3094516    1.050591
              /cut3 |   2.422825    .192386                      2.045755    2.799894
              /cut4 |   4.264805   .2011226                      3.870612    4.658998
-------------------------------------------------------------------------------------

. 
. est store C6

. 
. esttab C* using tables/individ_waves_control.tex, stats(N ll) se booktabs nonumbers title(Ordered logit model of r
> etrospective evaluations of the economy  on having watched economic news including more controls \label{tbl:wavesC
> ontrol}) ///
>         label mtitles("Apr 2009" " Sept 2009" "Jan 2010" "Apr 2010" " Jun 2010") replace
(output written to tables/individ_waves_control.tex)

. estimates clear

.         
. 
.         
. /// Table A.7
> 
. ologit retnat_ saw_unemp_  age i.i.yearsE female LR_Self_    if wave==2

Iteration 0:   log likelihood = -1958.5468  
Iteration 1:   log likelihood = -1935.5198  
Iteration 2:   log likelihood = -1935.4328  
Iteration 3:   log likelihood = -1935.4328  

Ordered logistic regression                     Number of obs     =      2,480
                                                LR chi2(7)        =      46.23
                                                Prob > chi2       =     0.0000
Log likelihood = -1935.4328                     Pseudo R2         =     0.0118

-------------------------------------------------------------------------------------
            retnat_ |      Coef.   Std. Err.      z    P>|z|     [95% Conf. Interval]
--------------------+----------------------------------------------------------------
         saw_unemp_ |    .535955   .0998026     5.37   0.000     .3403456    .7315644
                age |   .0134152    .003325     4.03   0.000     .0068983    .0199322
                    |
yearsEducation_4cat |
                16  |   .0686507   .1577383     0.44   0.663    -.2405108    .3778121
             17-18  |   .2878227   .1625554     1.77   0.077    -.0307801    .6064254
                19  |   .1594622   .1615539     0.99   0.324    -.1571776     .476102
                    |
             female |   .0149067   .0867467     0.17   0.864    -.1551137     .184927
           LR_Self_ |   .0001437   .0001486     0.97   0.334    -.0001476    .0004349
--------------------+----------------------------------------------------------------
              /cut1 |  -5.549177   .6291766                      -6.78234   -4.316013
              /cut2 |  -3.502859    .325698                     -4.141215   -2.864502
              /cut3 |  -1.984776   .2699518                     -2.513871    -1.45568
              /cut4 |   .5310309   .2573571                      .0266203    1.035442
-------------------------------------------------------------------------------------

. 
. est store C2

. 
. ologit retnat_ saw_unemp_  age i.i.yearsE female LR_Self_    if wave==3

Iteration 0:   log likelihood = -2417.8573  
Iteration 1:   log likelihood = -2370.3176  
Iteration 2:   log likelihood = -2370.1811  
Iteration 3:   log likelihood = -2370.1811  

Ordered logistic regression                     Number of obs     =      1,961
                                                LR chi2(7)        =      95.35
                                                Prob > chi2       =     0.0000
Log likelihood = -2370.1811                     Pseudo R2         =     0.0197

-------------------------------------------------------------------------------------
            retnat_ |      Coef.   Std. Err.      z    P>|z|     [95% Conf. Interval]
--------------------+----------------------------------------------------------------
         saw_unemp_ |   .4224272      .1003     4.21   0.000     .2258428    .6190116
                age |   .0087198     .00334     2.61   0.009     .0021736     .015266
                    |
yearsEducation_4cat |
                16  |  -.0248997   .1546762    -0.16   0.872    -.3280595    .2782601
             17-18  |   .1779179   .1552377     1.15   0.252    -.1263423    .4821782
                19  |   .0961901   .1534777     0.63   0.531    -.2046206    .3970008
                    |
             female |   .0196084   .0839945     0.23   0.815    -.1450177    .1842346
           LR_Self_ |    .165645   .0213955     7.74   0.000     .1237107    .2075794
--------------------+----------------------------------------------------------------
              /cut1 |  -4.587447   .5643724                     -5.693597   -3.481298
              /cut2 |   -.943215   .2758994                     -1.483968   -.4024621
              /cut3 |   .4829258   .2692803                     -.0448539    1.010706
              /cut4 |   2.181047   .2737951                      1.644418    2.717675
-------------------------------------------------------------------------------------

. 
. est store C3

. 
. ologit retnat_ saw_unemp_  age i.i.yearsE female LR_Self_    if wave==4

Iteration 0:   log likelihood = -2946.9506  
Iteration 1:   log likelihood = -2852.2203  
Iteration 2:   log likelihood = -2851.6781  
Iteration 3:   log likelihood = -2851.6778  

Ordered logistic regression                     Number of obs     =      2,145
                                                LR chi2(7)        =     190.55
                                                Prob > chi2       =     0.0000
Log likelihood = -2851.6778                     Pseudo R2         =     0.0323

-------------------------------------------------------------------------------------
            retnat_ |      Coef.   Std. Err.      z    P>|z|     [95% Conf. Interval]
--------------------+----------------------------------------------------------------
         saw_unemp_ |   .2379536   .0850895     2.80   0.005     .0711813    .4047259
                age |   .0164093    .003084     5.32   0.000     .0103647    .0224539
                    |
yearsEducation_4cat |
                16  |  -.0179189    .152772    -0.12   0.907    -.3173466    .2815087
             17-18  |   .1562775   .1522346     1.03   0.305    -.1420968    .4546518
                19  |  -.0219287   .1504743    -0.15   0.884     -.316853    .2729956
                    |
             female |   -.004902      .0789    -0.06   0.950    -.1595432    .1497393
           LR_Self_ |   .2163399   .0198457    10.90   0.000      .177443    .2552368
--------------------+----------------------------------------------------------------
              /cut1 |  -3.019246   .3512651                     -3.707713   -2.330779
              /cut2 |   .2618937   .2476554                     -.2235021    .7472894
              /cut3 |   1.661137   .2482226                       1.17463    2.147645
              /cut4 |   3.274703   .2556373                      2.773663    3.775743
-------------------------------------------------------------------------------------

. 
. est store C4

. 
. ologit retnat_ saw_unemp_  age i.i.yearsE female LR_Self_    if wave==5

Iteration 0:   log likelihood = -6507.4394  
Iteration 1:   log likelihood = -6253.0375  
Iteration 2:   log likelihood = -6251.3843  
Iteration 3:   log likelihood = -6251.3832  
Iteration 4:   log likelihood = -6251.3832  

Ordered logistic regression                     Number of obs     =      4,646
                                                LR chi2(7)        =     512.11
                                                Prob > chi2       =     0.0000
Log likelihood = -6251.3832                     Pseudo R2         =     0.0393

-------------------------------------------------------------------------------------
            retnat_ |      Coef.   Std. Err.      z    P>|z|     [95% Conf. Interval]
--------------------+----------------------------------------------------------------
         saw_unemp_ |   .1042952   .0558309     1.87   0.062    -.0051314    .2137218
                age |   .0176852   .0020244     8.74   0.000     .0137174     .021653
                    |
yearsEducation_4cat |
                16  |  -.0482854   .1007904    -0.48   0.632    -.2458311    .1492602
             17-18  |   .0781611    .099699     0.78   0.433    -.1172453    .2735675
                19  |  -.2288574    .099061    -2.31   0.021    -.4230134   -.0347015
                    |
             female |   .1665469   .0538738     3.09   0.002     .0609563    .2721375
           LR_Self_ |   .2303483   .0132213    17.42   0.000      .204435    .2562617
--------------------+----------------------------------------------------------------
              /cut1 |  -3.033894     .24036                     -3.504991   -2.562797
              /cut2 |   .6611789   .1660517                      .3357235    .9866343
              /cut3 |   2.001818    .167792                      1.672951    2.330684
              /cut4 |    3.49786   .1729987                      3.158789    3.836931
-------------------------------------------------------------------------------------

. 
. est store C5

. 
. 
. ologit retnat_ saw_unemp_  age i.i.yearsE female LR_Self_    if wave==6

Iteration 0:   log likelihood = -5226.9722  
Iteration 1:   log likelihood = -5042.7671  
Iteration 2:   log likelihood = -5041.4591  
Iteration 3:   log likelihood = -5041.4582  
Iteration 4:   log likelihood = -5041.4582  

Ordered logistic regression                     Number of obs     =      3,917
                                                LR chi2(7)        =     371.03
                                                Prob > chi2       =     0.0000
Log likelihood = -5041.4582                     Pseudo R2         =     0.0355

-------------------------------------------------------------------------------------
            retnat_ |      Coef.   Std. Err.      z    P>|z|     [95% Conf. Interval]
--------------------+----------------------------------------------------------------
         saw_unemp_ |    .127034   .0601142     2.11   0.035     .0092124    .2448556
                age |   .0216807   .0022558     9.61   0.000     .0172595    .0261019
                    |
yearsEducation_4cat |
                16  |   .1467106   .1090342     1.35   0.178    -.0669924    .3604136
             17-18  |    .195618   .1086161     1.80   0.072    -.0172657    .4085018
                19  |  -.0158971   .1069273    -0.15   0.882    -.2254708    .1936766
                    |
             female |   .2345217   .0591813     3.96   0.000     .1185286    .3505149
           LR_Self_ |   .1945232   .0148341    13.11   0.000     .1654488    .2235976
--------------------+----------------------------------------------------------------
              /cut1 |  -3.102915   .2870021                     -3.665429   -2.540401
              /cut2 |    .633638   .1798365                      .2811649    .9861111
              /cut3 |    2.39171   .1829865                      2.033063    2.750357
              /cut4 |   4.240808   .1914683                      3.865537    4.616079
-------------------------------------------------------------------------------------

. 
. est store C6

. 
. esttab C* using tables/individ_waves_unemp.tex, stats(N ll) se booktabs nonumbers title(Ordered logit model of ret
> rospective evaluations of the economy  on having watched unemployment news \label{tbl:wavesUnemp}) ///
>         label mtitles("Apr 2009" " Sept 2009" "Jan 2010" "Apr 2010" " Jun 2010") replace
(output written to tables/individ_waves_unemp.tex)

. estimates clear

. 
. 
. /// Table A.8
> 
. 
. ologit retnat_  saw_growth_ age i.i.yearsE female LR_Self_    if wave==2

Iteration 0:   log likelihood = -1807.2894  
Iteration 1:   log likelihood = -1781.0426  
Iteration 2:   log likelihood = -1780.9328  
Iteration 3:   log likelihood = -1780.9328  

Ordered logistic regression                     Number of obs     =      2,273
                                                LR chi2(7)        =      52.71
                                                Prob > chi2       =     0.0000
Log likelihood = -1780.9328                     Pseudo R2         =     0.0146

-------------------------------------------------------------------------------------
            retnat_ |      Coef.   Std. Err.      z    P>|z|     [95% Conf. Interval]
--------------------+----------------------------------------------------------------
        saw_growth_ |   .5604698   .1002474     5.59   0.000     .3639885    .7569512
                age |   .0138978   .0034827     3.99   0.000     .0070719    .0207237
                    |
yearsEducation_4cat |
                16  |   .1456732   .1665424     0.87   0.382     -.180744    .4720904
             17-18  |   .3094709   .1717412     1.80   0.072    -.0271357    .6460774
                19  |   .2189944   .1720858     1.27   0.203    -.1182876    .5562764
                    |
             female |   .0466747   .0902359     0.52   0.605    -.1301844    .2235337
           LR_Self_ |    .000195   .0001669     1.17   0.243    -.0001321    .0005221
--------------------+----------------------------------------------------------------
              /cut1 |  -5.790983   .7512447                     -7.263396   -4.318571
              /cut2 |  -3.294694   .3257779                     -3.933207   -2.656181
              /cut3 |  -1.868729   .2744114                     -2.406565   -1.330892
              /cut4 |   .6212757   .2618204                      .1081172    1.134434
-------------------------------------------------------------------------------------

. 
. est store C2

. 
. ologit retnat_  saw_growth_ age i.i.yearsE female LR_Self_    if wave==3

Iteration 0:   log likelihood = -2223.5515  
Iteration 1:   log likelihood = -2187.0654  
Iteration 2:   log likelihood = -2186.9793  
Iteration 3:   log likelihood = -2186.9793  

Ordered logistic regression                     Number of obs     =      1,792
                                                LR chi2(7)        =      73.14
                                                Prob > chi2       =     0.0000
Log likelihood = -2186.9793                     Pseudo R2         =     0.0164

-------------------------------------------------------------------------------------
            retnat_ |      Coef.   Std. Err.      z    P>|z|     [95% Conf. Interval]
--------------------+----------------------------------------------------------------
        saw_growth_ |   .1438711   .0963555     1.49   0.135    -.0449822    .3327244
                age |   .0083251   .0035351     2.35   0.019     .0013964    .0152538
                    |
yearsEducation_4cat |
                16  |   .1228902   .1634765     0.75   0.452    -.1975178    .4432982
             17-18  |   .3425656   .1649967     2.08   0.038      .019178    .6659532
                19  |   .2700276   .1647205     1.64   0.101    -.0528186    .5928739
                    |
             female |   .0357478   .0882702     0.40   0.685    -.1372586    .2087542
           LR_Self_ |   .1614424   .0219593     7.35   0.000     .1184029    .2044819
--------------------+----------------------------------------------------------------
              /cut1 |  -4.599166    .567143                     -5.710746   -3.487586
              /cut2 |  -.9786822   .2821601                     -1.531706   -.4256585
              /cut3 |   .4004778   .2757826                     -.1400463    .9410018
              /cut4 |   2.062377   .2800656                      1.513458    2.611296
-------------------------------------------------------------------------------------

. 
. est store C3

. 
. ologit retnat_  saw_growth_ age i.i.yearsE female LR_Self_    if wave==4

Iteration 0:   log likelihood = -2739.7505  
Iteration 1:   log likelihood = -2651.0918  
Iteration 2:   log likelihood =  -2650.582  
Iteration 3:   log likelihood = -2650.5817  

Ordered logistic regression                     Number of obs     =      1,995
                                                LR chi2(7)        =     178.34
                                                Prob > chi2       =     0.0000
Log likelihood = -2650.5817                     Pseudo R2         =     0.0325

-------------------------------------------------------------------------------------
            retnat_ |      Coef.   Std. Err.      z    P>|z|     [95% Conf. Interval]
--------------------+----------------------------------------------------------------
        saw_growth_ |   .1679656   .0837865     2.00   0.045     .0037471    .3321841
                age |   .0176933   .0032336     5.47   0.000     .0113556    .0240309
                    |
yearsEducation_4cat |
                16  |   .0557331    .158876     0.35   0.726    -.2556581    .3671243
             17-18  |   .2198947   .1576167     1.40   0.163    -.0890285    .5288178
                19  |   .0743988   .1557077     0.48   0.633    -.2307826    .3795802
                    |
             female |  -.0015848   .0821393    -0.02   0.985    -.1625748    .1594052
           LR_Self_ |   .2154505   .0206997    10.41   0.000     .1748797    .2560212
--------------------+----------------------------------------------------------------
              /cut1 |  -3.023348   .3688049                     -3.746193   -2.300504
              /cut2 |   .3468829   .2534054                     -.1497826    .8435483
              /cut3 |   1.727763   .2543493                      1.229247    2.226278
              /cut4 |   3.341961   .2623679                       2.82773    3.856193
-------------------------------------------------------------------------------------

. 
. est store C4

. 
. ologit retnat_  saw_growth_ age i.i.yearsE female LR_Self_    if wave==5

Iteration 0:   log likelihood = -6210.2481  
Iteration 1:   log likelihood = -5971.1601  
Iteration 2:   log likelihood = -5969.6336  
Iteration 3:   log likelihood = -5969.6326  
Iteration 4:   log likelihood = -5969.6326  

Ordered logistic regression                     Number of obs     =      4,424
                                                LR chi2(7)        =     481.23
                                                Prob > chi2       =     0.0000
Log likelihood = -5969.6326                     Pseudo R2         =     0.0387

-------------------------------------------------------------------------------------
            retnat_ |      Coef.   Std. Err.      z    P>|z|     [95% Conf. Interval]
--------------------+----------------------------------------------------------------
        saw_growth_ |  -.0286253   .0602556    -0.48   0.635    -.1467241    .0894736
                age |   .0172575   .0020808     8.29   0.000     .0131792    .0213358
                    |
yearsEducation_4cat |
                16  |  -.0406622    .103492    -0.39   0.694    -.2435027    .1621782
             17-18  |   .1331541   .1022043     1.30   0.193    -.0671626    .3334708
                19  |  -.1807616    .101795    -1.78   0.076    -.3802761    .0187528
                    |
             female |    .121741   .0555128     2.19   0.028     .0129379    .2305441
           LR_Self_ |   .2318861   .0134963    17.18   0.000     .2054339    .2583382
--------------------+----------------------------------------------------------------
              /cut1 |  -3.064415   .2416273                     -3.537995   -2.590834
              /cut2 |   .6143534   .1680057                      .2850681    .9436386
              /cut3 |   1.934468   .1697511                      1.601762    2.267174
              /cut4 |   3.416153   .1749596                      3.073239    3.759067
-------------------------------------------------------------------------------------

. 
. est store C5

. 
. 
. ologit retnat_  saw_growth_ age i.i.yearsE female LR_Self_    if wave==6

Iteration 0:   log likelihood = -5012.0742  
Iteration 1:   log likelihood = -4828.0828  
Iteration 2:   log likelihood = -4826.7311  
Iteration 3:   log likelihood = -4826.7301  
Iteration 4:   log likelihood = -4826.7301  

Ordered logistic regression                     Number of obs     =      3,747
                                                LR chi2(7)        =     370.69
                                                Prob > chi2       =     0.0000
Log likelihood = -4826.7301                     Pseudo R2         =     0.0370

-------------------------------------------------------------------------------------
            retnat_ |      Coef.   Std. Err.      z    P>|z|     [95% Conf. Interval]
--------------------+----------------------------------------------------------------
        saw_growth_ |   .1731903   .0647117     2.68   0.007     .0463576    .3000229
                age |   .0225597   .0023432     9.63   0.000      .017967    .0271524
                    |
yearsEducation_4cat |
                16  |   .1223725   .1117941     1.09   0.274    -.0967399    .3414849
             17-18  |   .1572349    .111021     1.42   0.157    -.0603622     .374832
                19  |  -.0446796   .1100064    -0.41   0.685    -.2602881     .170929
                    |
             female |   .2624171   .0608329     4.31   0.000     .1431868    .3816475
           LR_Self_ |   .1882679   .0151662    12.41   0.000     .1585427     .217993
--------------------+----------------------------------------------------------------
              /cut1 |  -3.023672   .2881792                     -3.588493   -2.458851
              /cut2 |   .6777463   .1820895                      .3208575    1.034635
              /cut3 |   2.416135   .1854308                      2.052698    2.779573
              /cut4 |    4.27097   .1942437                      3.890259    4.651681
-------------------------------------------------------------------------------------

. 
. est store C6

. 
. esttab C* using tables/individ_waves_growth.tex, stats(N ll) se booktabs nonumbers title( Ordered logit model of r
> etrospective evaluations of the economy  on having watched growth/decline news  \label{tbl:wavesGrowth}) ///
>         label mtitles("Apr 2009" " Sept 2009" "Jan 2010" "Apr 2010" " Jun 2010") replace
(output written to tables/individ_waves_growth.tex)

. estimates clear 

.         
.         
. log close
      name:  <unnamed>
       log:  C:\Users\Denise Laroze Prehn\Dropbox\CESS-Santiago\archive\OxfordProject\Replication material\regressio
> n_rep.log
  log type:  text
 closed on:  22 Feb 2019, 12:04:21
--------------------------------------------------------------------------------------------------------------------
